[debug] [2021-04-28T19:40:12.560Z] ----------------------------------------------------------------------
[debug] [2021-04-28T19:40:12.563Z] Command:       C:\Program Files\nodejs\node.exe C:\Users\Jhon\AppData\Roaming\npm\node_modules\firebase-tools\lib\bin\firebase.js init hosting
[debug] [2021-04-28T19:40:12.564Z] CLI Version:   9.10.0
[debug] [2021-04-28T19:40:12.564Z] Platform:      win32
[debug] [2021-04-28T19:40:12.564Z] Node Version:  v10.16.3
[debug] [2021-04-28T19:40:12.565Z] Time:          Wed Apr 28 2021 22:40:12 GMT+0300 (East Africa Time)
[debug] [2021-04-28T19:40:12.566Z] ----------------------------------------------------------------------
[debug] 
[debug] [2021-04-28T19:40:12.578Z] > command requires scopes: ["email","openid","https://www.googleapis.com/auth/cloudplatformprojects.readonly","https://www.googleapis.com/auth/firebase","https://www.googleapis.com/auth/cloud-platform"]
[debug] [2021-04-28T19:40:12.578Z] > authorizing via signed-in user (clewanga97@gmail.com)
[info] 
     ######## #### ########  ######## ########     ###     ######  ########
     ##        ##  ##     ## ##       ##     ##  ##   ##  ##       ##
     ######    ##  ########  ######   ########  #########  ######  ######
     ##        ##  ##    ##  ##       ##     ## ##     ##       ## ##
     ##       #### ##     ## ######## ########  ##     ##  ######  ########

You're about to initialize a Firebase project in this directory:

  C:\Users\Jhon\Desktop\portfolio\carolinelewanga

[info] 
=== Project Setup
[info] 
[info] First, let's associate this project directory with a Firebase project.
[info] You can create multiple project aliases by running firebase use --add, 
[info] but for now we'll just set up a default project.
[info] 
[info] i  If you want to create a project in a Google Cloud organization or folder, please use "firebase projects:create" instead, and return to this command when you've created the project. 
[debug] [2021-04-28T19:50:41.623Z] ----------------------------------------------------------------------
[debug] [2021-04-28T19:50:41.626Z] Command:       C:\Program Files\nodejs\node.exe C:\Users\Jhon\AppData\Roaming\npm\node_modules\firebase-tools\lib\bin\firebase.js init hosting
[debug] [2021-04-28T19:50:41.627Z] CLI Version:   9.10.0
[debug] [2021-04-28T19:50:41.627Z] Platform:      win32
[debug] [2021-04-28T19:50:41.627Z] Node Version:  v10.16.3
[debug] [2021-04-28T19:50:41.628Z] Time:          Wed Apr 28 2021 22:50:41 GMT+0300 (East Africa Time)
[debug] [2021-04-28T19:50:41.628Z] ----------------------------------------------------------------------
[debug] 
[debug] [2021-04-28T19:50:41.640Z] > command requires scopes: ["email","openid","https://www.googleapis.com/auth/cloudplatformprojects.readonly","https://www.googleapis.com/auth/firebase","https://www.googleapis.com/auth/cloud-platform"]
[debug] [2021-04-28T19:50:41.640Z] > authorizing via signed-in user (clewanga97@gmail.com)
[info] 
     ######## #### ########  ######## ########     ###     ######  ########
     ##        ##  ##     ## ##       ##     ##  ##   ##  ##       ##
     ######    ##  ########  ######   ########  #########  ######  ######
     ##        ##  ##    ##  ##       ##     ## ##     ##       ## ##
     ##       #### ##     ## ######## ########  ##     ##  ######  ########

You're about to initialize a Firebase project in this directory:

  C:\Users\Jhon\Desktop\portfolio\carolinelewanga

[info] 
=== Project Setup
[info] 
[info] First, let's associate this project directory with a Firebase project.
[info] You can create multiple project aliases by running firebase use --add, 
[info] but for now we'll just set up a default project.
[info] 
[debug] [2021-04-28T19:50:48.543Z] >>> [apiv2][query] GET https://firebase.googleapis.com/v1beta1/projects pageSize=100
[debug] [2021-04-28T19:50:49.796Z] <<< [apiv2][status] GET https://firebase.googleapis.com/v1beta1/projects 200
[debug] [2021-04-28T19:50:49.797Z] <<< [apiv2][body] GET https://firebase.googleapis.com/v1beta1/projects [omitted]
[info] i  Using project caroline-lewanga (caroline-lewanga) 
[info] 
=== Hosting Setup
[info] 
[info] Your public directory is the folder (relative to your project directory) that
[info] will contain Hosting assets to be uploaded with firebase deploy. If you
[info] have a build process for your assets, use your build's output directory.
[info] 
[debug] [2021-04-28T20:10:17.511Z] >>> [apiv2][query] GET https://www.gstatic.com/firebasejs/releases.json [none]
[debug] [2021-04-28T20:10:17.997Z] <<< [apiv2][status] GET https://www.gstatic.com/firebasejs/releases.json 200
[debug] [2021-04-28T20:10:17.997Z] <<< [apiv2][body] GET https://www.gstatic.com/firebasejs/releases.json {"current":{"version":"8.4.2","browserURL":"https://www.gstatic.com/firebasejs/8.4.2/firebase.js","packageURL":"https://www.gstatic.com/firebasejs/8.4.2/firebase.tgz"},"live":{"version":"8.4","browserURL":"https://www.gstatic.com/firebasejs/live/8.4/firebase.js","packageURL":"https://www.gstatic.com/firebasejs/live/8.4/firebase.tgz"},"components":{"analytics":"https://www.gstatic.com/firebasejs/8.4.2/firebase-analytics.js","app":"https://www.gstatic.com/firebasejs/8.4.2/firebase-app.js","auth":"https://www.gstatic.com/firebasejs/8.4.2/firebase-auth.js","database":"https://www.gstatic.com/firebasejs/8.4.2/firebase-database.js","firestore":"https://www.gstatic.com/firebasejs/8.4.2/firebase-firestore.js","functions":"https://www.gstatic.com/firebasejs/8.4.2/firebase-functions.js","installations":"https://www.gstatic.com/firebasejs/8.4.2/firebase-installations.js","messaging":"https://www.gstatic.com/firebasejs/8.4.2/firebase-messaging.js","storage":"https://www.gstatic.com/firebasejs/8.4.2/firebase-storage.js","performance":"https://www.gstatic.com/firebasejs/8.4.2/firebase-performance.js","remote-config":"https://www.gstatic.com/firebasejs/8.4.2/firebase-remote-config.js","firestore.memory":"https://www.gstatic.com/firebasejs/8.4.2/firebase-firestore.memory.js"}}
[info] +  Wrote dist/index.html 
[info] 
[info] i  Detected a .git folder at C:\Users\Jhon\Desktop\portfolio\carolinelewanga 
[info] i  Authorizing with GitHub to upload your service account to a GitHub repository's secrets store. 
[info] 
[info] Visit this URL on this device to log in:
[info] https://github.com/login/oauth/authorize?client_id=89cf50f02ac6aaed3484&state=820790384&redirect_uri=http%3A%2F%2Flocalhost%3A9005&scope=read%3Auser%20repo%20public_repo
[info] 
[info] Waiting for authentication...
[debug] [2021-04-28T20:20:07.076Z] >>> HTTP REQUEST POST https://github.com/login/oauth/access_token  
 {"client_id":"89cf50f02ac6aaed3484","client_secret":"3330d14abc895d9a74d5f17cd7a00711fa2c5bf0","code":"fe3b8ebd505e6cc40474","redirect_uri":"http://localhost:9005","state":"820790384"}
[debug] [2021-04-28T20:20:08.332Z] <<< HTTP RESPONSE 200 {"server":"GitHub.com","date":"Wed, 28 Apr 2021 20:20:08 GMT","content-type":"application/json; charset=utf-8","transfer-encoding":"chunked","vary":"X-PJAX, Accept-Encoding, Accept, X-Requested-With","permissions-policy":"interest-cohort=()","etag":"W/\"85fca4fb14c778cde5414477a07a4690\"","cache-control":"max-age=0, private, must-revalidate","strict-transport-security":"max-age=31536000; includeSubdomains; preload","x-frame-options":"deny","x-content-type-options":"nosniff","x-xss-protection":"0","referrer-policy":"origin-when-cross-origin, strict-origin-when-cross-origin","expect-ct":"max-age=2592000, report-uri=\"https://api.github.com/_private/browser/errors\"","content-security-policy":"default-src 'none'; base-uri 'self'; block-all-mixed-content; connect-src 'self' uploads.github.com www.githubstatus.com collector.githubapp.com api.github.com github-cloud.s3.amazonaws.com github-production-repository-file-5c1aeb.s3.amazonaws.com github-production-upload-manifest-file-7fdce7.s3.amazonaws.com github-production-user-asset-6210df.s3.amazonaws.com cdn.optimizely.com logx.optimizely.com/v1/events wss://alive.github.com; font-src github.githubassets.com; form-action 'self' github.com gist.github.com; frame-ancestors 'none'; frame-src render.githubusercontent.com; img-src 'self' data: github.githubassets.com identicons.github.com collector.githubapp.com github-cloud.s3.amazonaws.com secured-user-images.githubusercontent.com/ *.githubusercontent.com; manifest-src 'self'; media-src 'none'; script-src github.githubassets.com; style-src 'unsafe-inline' github.githubassets.com; worker-src github.com/socket-worker-3f088aa2.js gist.github.com/socket-worker-3f088aa2.js","x-github-request-id":"4C35:5A99:87AF04F:8BE197C:6089C377"}
[debug] [2021-04-28T20:20:08.337Z] >>> [apiv2][query] GET https://api.github.com/user [none]
[debug] [2021-04-28T20:20:09.776Z] <<< [apiv2][status] GET https://api.github.com/user 200
[debug] [2021-04-28T20:20:09.776Z] <<< [apiv2][body] GET https://api.github.com/user {"login":"clewanga","id":48173936,"node_id":"MDQ6VXNlcjQ4MTczOTM2","avatar_url":"https://avatars.githubusercontent.com/u/48173936?v=4","gravatar_id":"","url":"https://api.github.com/users/clewanga","html_url":"https://github.com/clewanga","followers_url":"https://api.github.com/users/clewanga/followers","following_url":"https://api.github.com/users/clewanga/following{/other_user}","gists_url":"https://api.github.com/users/clewanga/gists{/gist_id}","starred_url":"https://api.github.com/users/clewanga/starred{/owner}{/repo}","subscriptions_url":"https://api.github.com/users/clewanga/subscriptions","organizations_url":"https://api.github.com/users/clewanga/orgs","repos_url":"https://api.github.com/users/clewanga/repos","events_url":"https://api.github.com/users/clewanga/events{/privacy}","received_events_url":"https://api.github.com/users/clewanga/received_events","type":"User","site_admin":false,"name":"Caroline","company":null,"blog":"","location":"Tanzania","email":null,"hireable":null,"bio":"Software Developer \r\nData analyst\r\n\r\n","twitter_username":null,"public_repos":7,"public_gists":0,"followers":1,"following":3,"created_at":"2019-03-03T08:39:25Z","updated_at":"2021-04-28T20:20:06Z","private_gists":0,"total_private_repos":0,"owned_private_repos":0,"disk_usage":4729,"collaborators":0,"two_factor_authentication":false,"plan":{"name":"free","space":976562499,"collaborators":0,"private_repos":10000}}
[info] 
[info] +  Success! Logged into GitHub as clewanga 
[info] 
